INFO - 2025-01-07 06:48:35 --> Session: Class initialized using 'CodeIgniter\Session\Handlers\FileHandler' driver.
INFO - 2025-01-07 06:48:41 --> Session: Class initialized using 'CodeIgniter\Session\Handlers\FileHandler' driver.
INFO - 2025-01-07 06:48:41 --> Session: Class initialized using 'CodeIgniter\Session\Handlers\FileHandler' driver.
ERROR - 2025-01-07 06:49:48 --> ErrorException: pg_query(): Query failed: ERROR:  duplicate key value violates unique constraint &quot;users_username_key&quot;
DETAIL:  Key (username)=(mambo4) already exists. in D:\KULIAH\Tahun-3\Semester-5\Teknologi-Sistem-Terintegrasi\tubes\tugas-uas-tst\codeigniter4\system\Database\Postgre\Connection.php:204
Stack trace:
#0 [internal function]: CodeIgniter\Debug\Exceptions->errorHandler(2, 'pg_query(): Que...', 'D:\\KULIAH\\Tahun...', 204)
#1 D:\KULIAH\Tahun-3\Semester-5\Teknologi-Sistem-Terintegrasi\tubes\tugas-uas-tst\codeigniter4\system\Database\Postgre\Connection.php(204): pg_query(Object(PgSql\Connection), 'INSERT INTO "us...')
#2 D:\KULIAH\Tahun-3\Semester-5\Teknologi-Sistem-Terintegrasi\tubes\tugas-uas-tst\codeigniter4\system\Database\BaseConnection.php(734): CodeIgniter\Database\Postgre\Connection->execute('INSERT INTO "us...')
#3 D:\KULIAH\Tahun-3\Semester-5\Teknologi-Sistem-Terintegrasi\tubes\tugas-uas-tst\codeigniter4\system\Database\BaseConnection.php(648): CodeIgniter\Database\BaseConnection->simpleQuery('INSERT INTO "us...')
#4 D:\KULIAH\Tahun-3\Semester-5\Teknologi-Sistem-Terintegrasi\tubes\tugas-uas-tst\codeigniter4\system\Database\BaseBuilder.php(2340): CodeIgniter\Database\BaseConnection->query('INSERT INTO "us...', Array, false)
#5 D:\KULIAH\Tahun-3\Semester-5\Teknologi-Sistem-Terintegrasi\tubes\tugas-uas-tst\codeigniter4\system\Model.php(394): CodeIgniter\Database\BaseBuilder->insert()
#6 D:\KULIAH\Tahun-3\Semester-5\Teknologi-Sistem-Terintegrasi\tubes\tugas-uas-tst\codeigniter4\system\BaseModel.php(840): CodeIgniter\Model->doInsert(Array)
#7 D:\KULIAH\Tahun-3\Semester-5\Teknologi-Sistem-Terintegrasi\tubes\tugas-uas-tst\codeigniter4\system\Model.php(802): CodeIgniter\BaseModel->insert(Array, false)
#8 D:\KULIAH\Tahun-3\Semester-5\Teknologi-Sistem-Terintegrasi\tubes\tugas-uas-tst\codeigniter4\system\BaseModel.php(751): CodeIgniter\Model->insert(Array, false)
#9 D:\KULIAH\Tahun-3\Semester-5\Teknologi-Sistem-Terintegrasi\tubes\tugas-uas-tst\codeigniter4\app\Controllers\UserController.php(52): CodeIgniter\BaseModel->save(Array)
#10 D:\KULIAH\Tahun-3\Semester-5\Teknologi-Sistem-Terintegrasi\tubes\tugas-uas-tst\codeigniter4\system\CodeIgniter.php(933): App\Controllers\UserController->save()
#11 D:\KULIAH\Tahun-3\Semester-5\Teknologi-Sistem-Terintegrasi\tubes\tugas-uas-tst\codeigniter4\system\CodeIgniter.php(509): CodeIgniter\CodeIgniter->runController(Object(App\Controllers\UserController))
#12 D:\KULIAH\Tahun-3\Semester-5\Teknologi-Sistem-Terintegrasi\tubes\tugas-uas-tst\codeigniter4\system\CodeIgniter.php(355): CodeIgniter\CodeIgniter->handleRequest(NULL, Object(Config\Cache), false)
#13 D:\KULIAH\Tahun-3\Semester-5\Teknologi-Sistem-Terintegrasi\tubes\tugas-uas-tst\codeigniter4\system\Boot.php(325): CodeIgniter\CodeIgniter->run()
#14 D:\KULIAH\Tahun-3\Semester-5\Teknologi-Sistem-Terintegrasi\tubes\tugas-uas-tst\codeigniter4\system\Boot.php(67): CodeIgniter\Boot::runCodeIgniter(Object(CodeIgniter\CodeIgniter))
#15 D:\KULIAH\Tahun-3\Semester-5\Teknologi-Sistem-Terintegrasi\tubes\tugas-uas-tst\codeigniter4\public\index.php(56): CodeIgniter\Boot::bootWeb(Object(Config\Paths))
#16 D:\KULIAH\Tahun-3\Semester-5\Teknologi-Sistem-Terintegrasi\tubes\tugas-uas-tst\codeigniter4\system\rewrite.php(44): require_once('D:\\KULIAH\\Tahun...')
#17 {main}
CRITICAL - 2025-01-07 06:49:48 --> CodeIgniter\Database\Exceptions\DatabaseException: pg_query(): Query failed: ERROR:  duplicate key value violates unique constraint &quot;users_username_key&quot;
DETAIL:  Key (username)=(mambo4) already exists.
[Method: POST, Route: user/register]
in SYSTEMPATH\Database\BaseConnection.php on line 688.
 1 SYSTEMPATH\Database\BaseBuilder.php(2340): CodeIgniter\Database\BaseConnection->query('INSERT INTO "users" ("username", "email", "password", "role") VALUES (:username:, :email:, :password:, :role:)', [...], false)
 2 SYSTEMPATH\Model.php(394): CodeIgniter\Database\BaseBuilder->insert()
 3 SYSTEMPATH\BaseModel.php(840): CodeIgniter\Model->doInsert([...])
 4 SYSTEMPATH\Model.php(802): CodeIgniter\BaseModel->insert([...], false)
 5 SYSTEMPATH\BaseModel.php(751): CodeIgniter\Model->insert([...], false)
 6 APPPATH\Controllers\UserController.php(52): CodeIgniter\BaseModel->save([...])
 7 SYSTEMPATH\CodeIgniter.php(933): App\Controllers\UserController->save()
 8 SYSTEMPATH\CodeIgniter.php(509): CodeIgniter\CodeIgniter->runController(Object(App\Controllers\UserController))
 9 SYSTEMPATH\CodeIgniter.php(355): CodeIgniter\CodeIgniter->handleRequest(null, Object(Config\Cache), false)
10 SYSTEMPATH\Boot.php(325): CodeIgniter\CodeIgniter->run()
11 SYSTEMPATH\Boot.php(67): CodeIgniter\Boot::runCodeIgniter(Object(CodeIgniter\CodeIgniter))
12 FCPATH\index.php(56): CodeIgniter\Boot::bootWeb(Object(Config\Paths))
13 SYSTEMPATH\rewrite.php(44): require_once('D:\\KULIAH\\Tahun-3\\Semester-5\\Teknologi-Sistem-Terintegrasi\\tubes\\tugas-uas-tst\\codeigniter4\\public\\index.php')
CRITICAL - 2025-01-07 06:49:48 --> [Caused by] CodeIgniter\Database\Exceptions\DatabaseException: pg_query(): Query failed: ERROR:  duplicate key value violates unique constraint &quot;users_username_key&quot;
DETAIL:  Key (username)=(mambo4) already exists.
in SYSTEMPATH\Database\Postgre\Connection.php on line 209.
 1 SYSTEMPATH\Database\BaseConnection.php(734): CodeIgniter\Database\Postgre\Connection->execute('INSERT INTO "users" ("username", "email", "password", "role") VALUES (\'mambo4\', \'mambo4@mambo.mambo\', \'$2y$10$Zn8dWWv/2DVfCF0zLwPCRechOUbaluRFN5SVIgK2SWRq1Y22obU42\', \'User\')')
 2 SYSTEMPATH\Database\BaseConnection.php(648): CodeIgniter\Database\BaseConnection->simpleQuery('INSERT INTO "users" ("username", "email", "password", "role") VALUES (\'mambo4\', \'mambo4@mambo.mambo\', \'$2y$10$Zn8dWWv/2DVfCF0zLwPCRechOUbaluRFN5SVIgK2SWRq1Y22obU42\', \'User\')')
 3 SYSTEMPATH\Database\BaseBuilder.php(2340): CodeIgniter\Database\BaseConnection->query('INSERT INTO "users" ("username", "email", "password", "role") VALUES (:username:, :email:, :password:, :role:)', [...], false)
 4 SYSTEMPATH\Model.php(394): CodeIgniter\Database\BaseBuilder->insert()
 5 SYSTEMPATH\BaseModel.php(840): CodeIgniter\Model->doInsert([...])
 6 SYSTEMPATH\Model.php(802): CodeIgniter\BaseModel->insert([...], false)
 7 SYSTEMPATH\BaseModel.php(751): CodeIgniter\Model->insert([...], false)
 8 APPPATH\Controllers\UserController.php(52): CodeIgniter\BaseModel->save([...])
 9 SYSTEMPATH\CodeIgniter.php(933): App\Controllers\UserController->save()
10 SYSTEMPATH\CodeIgniter.php(509): CodeIgniter\CodeIgniter->runController(Object(App\Controllers\UserController))
11 SYSTEMPATH\CodeIgniter.php(355): CodeIgniter\CodeIgniter->handleRequest(null, Object(Config\Cache), false)
12 SYSTEMPATH\Boot.php(325): CodeIgniter\CodeIgniter->run()
13 SYSTEMPATH\Boot.php(67): CodeIgniter\Boot::runCodeIgniter(Object(CodeIgniter\CodeIgniter))
14 FCPATH\index.php(56): CodeIgniter\Boot::bootWeb(Object(Config\Paths))
15 SYSTEMPATH\rewrite.php(44): require_once('D:\\KULIAH\\Tahun-3\\Semester-5\\Teknologi-Sistem-Terintegrasi\\tubes\\tugas-uas-tst\\codeigniter4\\public\\index.php')
CRITICAL - 2025-01-07 06:49:48 --> [Caused by] ErrorException: pg_query(): Query failed: ERROR:  duplicate key value violates unique constraint &quot;users_username_key&quot;
DETAIL:  Key (username)=(mambo4) already exists.
in SYSTEMPATH\Database\Postgre\Connection.php on line 204.
 1 [internal function]: CodeIgniter\Debug\Exceptions->errorHandler(2, 'pg_query(): Query failed: ERROR:  duplicate key value violates unique constraint &quot;users_username_key&quot;
DETAIL:  Key (username)=(mambo4) already exists.', 'D:\\KULIAH\\Tahun-3\\Semester-5\\Teknologi-Sistem-Terintegrasi\\tubes\\tugas-uas-tst\\codeigniter4\\system\\Database\\Postgre\\Connection.php', 204)
 2 SYSTEMPATH\Database\Postgre\Connection.php(204): pg_query(Object(PgSql\Connection), 'INSERT INTO "users" ("username", "email", "password", "role") VALUES (\'mambo4\', \'mambo4@mambo.mambo\', \'$2y$10$Zn8dWWv/2DVfCF0zLwPCRechOUbaluRFN5SVIgK2SWRq1Y22obU42\', \'User\')')
 3 SYSTEMPATH\Database\BaseConnection.php(734): CodeIgniter\Database\Postgre\Connection->execute('INSERT INTO "users" ("username", "email", "password", "role") VALUES (\'mambo4\', \'mambo4@mambo.mambo\', \'$2y$10$Zn8dWWv/2DVfCF0zLwPCRechOUbaluRFN5SVIgK2SWRq1Y22obU42\', \'User\')')
 4 SYSTEMPATH\Database\BaseConnection.php(648): CodeIgniter\Database\BaseConnection->simpleQuery('INSERT INTO "users" ("username", "email", "password", "role") VALUES (\'mambo4\', \'mambo4@mambo.mambo\', \'$2y$10$Zn8dWWv/2DVfCF0zLwPCRechOUbaluRFN5SVIgK2SWRq1Y22obU42\', \'User\')')
 5 SYSTEMPATH\Database\BaseBuilder.php(2340): CodeIgniter\Database\BaseConnection->query('INSERT INTO "users" ("username", "email", "password", "role") VALUES (:username:, :email:, :password:, :role:)', [...], false)
 6 SYSTEMPATH\Model.php(394): CodeIgniter\Database\BaseBuilder->insert()
 7 SYSTEMPATH\BaseModel.php(840): CodeIgniter\Model->doInsert([...])
 8 SYSTEMPATH\Model.php(802): CodeIgniter\BaseModel->insert([...], false)
 9 SYSTEMPATH\BaseModel.php(751): CodeIgniter\Model->insert([...], false)
10 APPPATH\Controllers\UserController.php(52): CodeIgniter\BaseModel->save([...])
11 SYSTEMPATH\CodeIgniter.php(933): App\Controllers\UserController->save()
12 SYSTEMPATH\CodeIgniter.php(509): CodeIgniter\CodeIgniter->runController(Object(App\Controllers\UserController))
13 SYSTEMPATH\CodeIgniter.php(355): CodeIgniter\CodeIgniter->handleRequest(null, Object(Config\Cache), false)
14 SYSTEMPATH\Boot.php(325): CodeIgniter\CodeIgniter->run()
15 SYSTEMPATH\Boot.php(67): CodeIgniter\Boot::runCodeIgniter(Object(CodeIgniter\CodeIgniter))
16 FCPATH\index.php(56): CodeIgniter\Boot::bootWeb(Object(Config\Paths))
17 SYSTEMPATH\rewrite.php(44): require_once('D:\\KULIAH\\Tahun-3\\Semester-5\\Teknologi-Sistem-Terintegrasi\\tubes\\tugas-uas-tst\\codeigniter4\\public\\index.php')
INFO - 2025-01-07 06:53:51 --> Session: Class initialized using 'CodeIgniter\Session\Handlers\FileHandler' driver.
INFO - 2025-01-07 06:54:18 --> Session: Class initialized using 'CodeIgniter\Session\Handlers\FileHandler' driver.
INFO - 2025-01-07 06:54:25 --> Session: Class initialized using 'CodeIgniter\Session\Handlers\FileHandler' driver.
INFO - 2025-01-07 06:54:25 --> Session: Class initialized using 'CodeIgniter\Session\Handlers\FileHandler' driver.
INFO - 2025-01-07 06:54:29 --> Session: Class initialized using 'CodeIgniter\Session\Handlers\FileHandler' driver.
CRITICAL - 2025-01-07 07:03:37 --> CodeIgniter\Filters\Exceptions\FilterException: "auth" filter must have a matching alias defined.
[Method: GET, Route: quiz/1]
in SYSTEMPATH\Filters\Filters.php on line 495.
 1 SYSTEMPATH\Filters\Filters.php(495): CodeIgniter\Filters\Exceptions\FilterException::forNoAlias('auth')
 2 SYSTEMPATH\Filters\Filters.php(547): CodeIgniter\Filters\Filters->enableFilter('auth', 'before')
 3 SYSTEMPATH\CodeIgniter.php(469): CodeIgniter\Filters\Filters->enableFilters([...], 'before')
 4 SYSTEMPATH\CodeIgniter.php(355): CodeIgniter\CodeIgniter->handleRequest(null, Object(Config\Cache), false)
 5 SYSTEMPATH\Boot.php(325): CodeIgniter\CodeIgniter->run()
 6 SYSTEMPATH\Boot.php(67): CodeIgniter\Boot::runCodeIgniter(Object(CodeIgniter\CodeIgniter))
 7 FCPATH\index.php(56): CodeIgniter\Boot::bootWeb(Object(Config\Paths))
 8 SYSTEMPATH\rewrite.php(44): require_once('D:\\KULIAH\\Tahun-3\\Semester-5\\Teknologi-Sistem-Terintegrasi\\tubes\\tugas-uas-tst\\codeigniter4\\public\\index.php')
CRITICAL - 2025-01-07 07:04:32 --> CodeIgniter\Filters\Exceptions\FilterException: "auth" filter must have a matching alias defined.
[Method: GET, Route: quiz/1]
in SYSTEMPATH\Filters\Filters.php on line 495.
 1 SYSTEMPATH\Filters\Filters.php(495): CodeIgniter\Filters\Exceptions\FilterException::forNoAlias('auth')
 2 SYSTEMPATH\Filters\Filters.php(547): CodeIgniter\Filters\Filters->enableFilter('auth', 'before')
 3 SYSTEMPATH\CodeIgniter.php(469): CodeIgniter\Filters\Filters->enableFilters([...], 'before')
 4 SYSTEMPATH\CodeIgniter.php(355): CodeIgniter\CodeIgniter->handleRequest(null, Object(Config\Cache), false)
 5 SYSTEMPATH\Boot.php(325): CodeIgniter\CodeIgniter->run()
 6 SYSTEMPATH\Boot.php(67): CodeIgniter\Boot::runCodeIgniter(Object(CodeIgniter\CodeIgniter))
 7 FCPATH\index.php(56): CodeIgniter\Boot::bootWeb(Object(Config\Paths))
 8 SYSTEMPATH\rewrite.php(44): require_once('D:\\KULIAH\\Tahun-3\\Semester-5\\Teknologi-Sistem-Terintegrasi\\tubes\\tugas-uas-tst\\codeigniter4\\public\\index.php')
CRITICAL - 2025-01-07 07:04:40 --> CodeIgniter\Filters\Exceptions\FilterException: "auth" filter must have a matching alias defined.
[Method: GET, Route: quiz/1]
in SYSTEMPATH\Filters\Filters.php on line 495.
 1 SYSTEMPATH\Filters\Filters.php(495): CodeIgniter\Filters\Exceptions\FilterException::forNoAlias('auth')
 2 SYSTEMPATH\Filters\Filters.php(547): CodeIgniter\Filters\Filters->enableFilter('auth', 'before')
 3 SYSTEMPATH\CodeIgniter.php(469): CodeIgniter\Filters\Filters->enableFilters([...], 'before')
 4 SYSTEMPATH\CodeIgniter.php(355): CodeIgniter\CodeIgniter->handleRequest(null, Object(Config\Cache), false)
 5 SYSTEMPATH\Boot.php(325): CodeIgniter\CodeIgniter->run()
 6 SYSTEMPATH\Boot.php(67): CodeIgniter\Boot::runCodeIgniter(Object(CodeIgniter\CodeIgniter))
 7 FCPATH\index.php(56): CodeIgniter\Boot::bootWeb(Object(Config\Paths))
 8 SYSTEMPATH\rewrite.php(44): require_once('D:\\KULIAH\\Tahun-3\\Semester-5\\Teknologi-Sistem-Terintegrasi\\tubes\\tugas-uas-tst\\codeigniter4\\public\\index.php')
CRITICAL - 2025-01-07 07:05:18 --> CodeIgniter\Filters\Exceptions\FilterException: "auth" filter must have a matching alias defined.
[Method: GET, Route: quiz/1]
in SYSTEMPATH\Filters\Filters.php on line 495.
 1 SYSTEMPATH\Filters\Filters.php(495): CodeIgniter\Filters\Exceptions\FilterException::forNoAlias('auth')
 2 SYSTEMPATH\Filters\Filters.php(547): CodeIgniter\Filters\Filters->enableFilter('auth', 'before')
 3 SYSTEMPATH\CodeIgniter.php(469): CodeIgniter\Filters\Filters->enableFilters([...], 'before')
 4 SYSTEMPATH\CodeIgniter.php(355): CodeIgniter\CodeIgniter->handleRequest(null, Object(Config\Cache), false)
 5 SYSTEMPATH\Boot.php(325): CodeIgniter\CodeIgniter->run()
 6 SYSTEMPATH\Boot.php(67): CodeIgniter\Boot::runCodeIgniter(Object(CodeIgniter\CodeIgniter))
 7 FCPATH\index.php(56): CodeIgniter\Boot::bootWeb(Object(Config\Paths))
 8 SYSTEMPATH\rewrite.php(44): require_once('D:\\KULIAH\\Tahun-3\\Semester-5\\Teknologi-Sistem-Terintegrasi\\tubes\\tugas-uas-tst\\codeigniter4\\public\\index.php')
INFO - 2025-01-07 07:44:40 --> Session: Class initialized using 'CodeIgniter\Session\Handlers\FileHandler' driver.
INFO - 2025-01-07 07:44:40 --> Session: Class initialized using 'CodeIgniter\Session\Handlers\FileHandler' driver.
INFO - 2025-01-07 07:44:43 --> Session: Class initialized using 'CodeIgniter\Session\Handlers\FileHandler' driver.
INFO - 2025-01-07 07:45:05 --> Session: Class initialized using 'CodeIgniter\Session\Handlers\FileHandler' driver.
INFO - 2025-01-07 07:45:15 --> Session: Class initialized using 'CodeIgniter\Session\Handlers\FileHandler' driver.
INFO - 2025-01-07 07:45:16 --> Session: Class initialized using 'CodeIgniter\Session\Handlers\FileHandler' driver.
INFO - 2025-01-07 07:45:20 --> Session: Class initialized using 'CodeIgniter\Session\Handlers\FileHandler' driver.
